<?xml version="1.0" encoding="UTF-8"?>
<testng-results skipped="0" failed="0" ignored="0" total="1" passed="1">
  <reporter-output>
  </reporter-output>
  <suite name="HeatClinicSuite" duration-ms="50803" started-at="2019-11-12T15:08:23Z" finished-at="2019-11-12T15:09:14Z">
    <groups>
    </groups>
    <test name="VerifyCartTest" duration-ms="50803" started-at="2019-11-12T15:08:23Z" finished-at="2019-11-12T15:09:14Z">
      <class name="com.atmecs.validate_ninja_store.testscripts.TestVerifyHeatClinic">
        <test-method status="PASS" signature="baseSetup()[pri:0, instance:com.atmecs.validate_ninja_store.testscripts.TestVerifyHeatClinic@6eebc39e]" name="baseSetup" is-config="true" duration-ms="13485" started-at="2019-11-12T15:08:23Z" finished-at="2019-11-12T15:08:37Z">
          <reporter-output>
          </reporter-output>
        </test-method> <!-- baseSetup -->
        <test-method status="PASS" signature="webURLLoader()[pri:0, instance:com.atmecs.validate_ninja_store.testscripts.TestVerifyHeatClinic@6eebc39e]" name="webURLLoader" is-config="true" duration-ms="1843" started-at="2019-11-12T15:08:37Z" finished-at="2019-11-12T15:08:39Z">
          <reporter-output>
          </reporter-output>
        </test-method> <!-- webURLLoader -->
        <test-method status="PASS" signature="verifyHeatClinic()[pri:0, instance:com.atmecs.validate_ninja_store.testscripts.TestVerifyHeatClinic@6eebc39e]" name="verifyHeatClinic" duration-ms="34868" started-at="2019-11-12T15:08:39Z" finished-at="2019-11-12T15:09:14Z">
          <reporter-output>
          </reporter-output>
        </test-method> <!-- verifyHeatClinic -->
        <test-method status="PASS" signature="endDriver()[pri:0, instance:com.atmecs.validate_ninja_store.testscripts.TestVerifyHeatClinic@6eebc39e]" name="endDriver" is-config="true" duration-ms="556" started-at="2019-11-12T15:09:14Z" finished-at="2019-11-12T15:09:14Z">
          <reporter-output>
          </reporter-output>
        </test-method> <!-- endDriver -->
      </class> <!-- com.atmecs.validate_ninja_store.testscripts.TestVerifyHeatClinic -->
    </test> <!-- VerifyCartTest -->
  </suite> <!-- HeatClinicSuite -->
</testng-results>
